<?xml version="1.0" encoding="UTF-8"?>
<testsuite name="tests.LoginTests" tests="18" skipped="17" failures="1" errors="0" timestamp="2023-01-31T18:55:38" hostname="Air-Diana.lan" time="0.022">
  <properties/>
  <testcase name="preCondition" classname="tests.LoginTests" time="0.0">
    <failure message="java.lang.NullPointerException" type="java.lang.NullPointerException">java.lang.NullPointerException
	at tests.LoginTests.preCondition(LoginTests.java:21)
	at java.base/jdk.internal.reflect.NativeMethodAccessorImpl.invoke0(Native Method)
	at java.base/jdk.internal.reflect.NativeMethodAccessorImpl.invoke(NativeMethodAccessorImpl.java:62)
	at java.base/jdk.internal.reflect.DelegatingMethodAccessorImpl.invoke(DelegatingMethodAccessorImpl.java:43)
	at java.base/java.lang.reflect.Method.invoke(Method.java:566)
	at org.testng.internal.invokers.MethodInvocationHelper.invokeMethod(MethodInvocationHelper.java:135)
	at org.testng.internal.invokers.MethodInvocationHelper.invokeMethodConsideringTimeout(MethodInvocationHelper.java:65)
	at org.testng.internal.invokers.ConfigInvoker.invokeConfigurationMethod(ConfigInvoker.java:381)
	at org.testng.internal.invokers.ConfigInvoker.invokeConfigurations(ConfigInvoker.java:319)
	at org.testng.internal.invokers.TestInvoker.runConfigMethods(TestInvoker.java:803)
	at org.testng.internal.invokers.TestInvoker.invokeMethod(TestInvoker.java:589)
	at org.testng.internal.invokers.TestInvoker.invokeTestMethod(TestInvoker.java:220)
	at org.testng.internal.invokers.MethodRunner.runInSequence(MethodRunner.java:50)
	at org.testng.internal.invokers.TestInvoker$MethodInvocationAgent.invoke(TestInvoker.java:945)
	at org.testng.internal.invokers.TestInvoker.invokeTestMethods(TestInvoker.java:193)
	at org.testng.internal.invokers.TestMethodWorker.invokeTestMethods(TestMethodWorker.java:146)
	at org.testng.internal.invokers.TestMethodWorker.run(TestMethodWorker.java:128)
	at java.base/java.util.ArrayList.forEach(ArrayList.java:1541)
	at org.testng.TestRunner.privateRun(TestRunner.java:808)
	at org.testng.TestRunner.run(TestRunner.java:603)
	at org.testng.SuiteRunner.runTest(SuiteRunner.java:429)
	at org.testng.SuiteRunner.runSequentially(SuiteRunner.java:423)
	at org.testng.SuiteRunner.privateRun(SuiteRunner.java:383)
	at org.testng.SuiteRunner.run(SuiteRunner.java:326)
	at org.testng.SuiteRunnerWorker.runSuite(SuiteRunnerWorker.java:52)
	at org.testng.SuiteRunnerWorker.run(SuiteRunnerWorker.java:95)
	at org.testng.TestNG.runSuitesSequentially(TestNG.java:1249)
	at org.testng.TestNG.runSuitesLocally(TestNG.java:1169)
	at org.testng.TestNG.runSuites(TestNG.java:1092)
	at org.testng.TestNG.run(TestNG.java:1060)
	at org.gradle.api.internal.tasks.testing.testng.TestNGTestClassProcessor.runTests(TestNGTestClassProcessor.java:146)
	at org.gradle.api.internal.tasks.testing.testng.TestNGTestClassProcessor.stop(TestNGTestClassProcessor.java:91)
	at org.gradle.api.internal.tasks.testing.SuiteTestClassProcessor.stop(SuiteTestClassProcessor.java:61)
	at java.base/jdk.internal.reflect.NativeMethodAccessorImpl.invoke0(Native Method)
	at java.base/jdk.internal.reflect.NativeMethodAccessorImpl.invoke(NativeMethodAccessorImpl.java:62)
	at java.base/jdk.internal.reflect.DelegatingMethodAccessorImpl.invoke(DelegatingMethodAccessorImpl.java:43)
	at java.base/java.lang.reflect.Method.invoke(Method.java:566)
	at org.gradle.internal.dispatch.ReflectionDispatch.dispatch(ReflectionDispatch.java:36)
	at org.gradle.internal.dispatch.ReflectionDispatch.dispatch(ReflectionDispatch.java:24)
	at org.gradle.internal.dispatch.ContextClassLoaderDispatch.dispatch(ContextClassLoaderDispatch.java:33)
	at org.gradle.internal.dispatch.ProxyDispatchAdapter$DispatchingInvocationHandler.invoke(ProxyDispatchAdapter.java:94)
	at com.sun.proxy.$Proxy2.stop(Unknown Source)
	at org.gradle.api.internal.tasks.testing.worker.TestWorker$3.run(TestWorker.java:193)
	at org.gradle.api.internal.tasks.testing.worker.TestWorker.executeAndMaintainThreadName(TestWorker.java:129)
	at org.gradle.api.internal.tasks.testing.worker.TestWorker.execute(TestWorker.java:100)
	at org.gradle.api.internal.tasks.testing.worker.TestWorker.execute(TestWorker.java:60)
	at org.gradle.process.internal.worker.child.ActionExecutionWorker.execute(ActionExecutionWorker.java:56)
	at org.gradle.process.internal.worker.child.SystemApplicationClassLoaderWorker.call(SystemApplicationClassLoaderWorker.java:133)
	at org.gradle.process.internal.worker.child.SystemApplicationClassLoaderWorker.call(SystemApplicationClassLoaderWorker.java:71)
	at worker.org.gradle.process.internal.worker.GradleWorkerMain.run(GradleWorkerMain.java:69)
	at worker.org.gradle.process.internal.worker.GradleWorkerMain.main(GradleWorkerMain.java:74)
</failure>
  </testcase>
  <testcase name="loginSuccess[0](noa@gmail.com, Nnoa12345$)" classname="tests.LoginTests" time="0.0">
    <skipped/>
  </testcase>
  <testcase name="loginSuccess[1](sonya@gmail.com, Ss12345$)" classname="tests.LoginTests" time="0.0">
    <skipped/>
  </testcase>
  <testcase name="loginSuccess[2](noa@gmail.com, Nnoa12345$)" classname="tests.LoginTests" time="0.0">
    <skipped/>
  </testcase>
  <testcase name="loginSuccess2[0](noa@gmail.com, Nnoa12345$)" classname="tests.LoginTests" time="0.0">
    <skipped/>
  </testcase>
  <testcase name="loginSuccess2[1](sonya@gmail.com, Ss12345$)" classname="tests.LoginTests" time="0.0">
    <skipped/>
  </testcase>
  <testcase name="loginSuccess2[2](noa@gmail.com, Nnoa12345$)" classname="tests.LoginTests" time="0.0">
    <skipped/>
  </testcase>
  <testcase name="loginSuccessModel[0](User(email=noa@gmail.com, password=Nnoa12345$))" classname="tests.LoginTests" time="0.0">
    <skipped/>
  </testcase>
  <testcase name="loginSuccessModel[1](User(email=sonya@gmail.com, password=Ss12345$))" classname="tests.LoginTests" time="0.0">
    <skipped/>
  </testcase>
  <testcase name="loginSuccessModel[2](User(email=noa@gmail.com, password=Nnoa12345$))" classname="tests.LoginTests" time="0.0">
    <skipped/>
  </testcase>
  <testcase name="loginSuccessModelFromFile[0](User(email=noa@gmail.com, password=Nnoa12345$))" classname="tests.LoginTests" time="0.0">
    <skipped/>
  </testcase>
  <testcase name="loginSuccessModelFromFile[1](User(email=sonya@gmail.com, password=Ss12345$))" classname="tests.LoginTests" time="0.0">
    <skipped/>
  </testcase>
  <testcase name="loginSuccessModelFromFile[2](User(email=noa@gmail.com, password=Nnoa12345$))" classname="tests.LoginTests" time="0.0">
    <skipped/>
  </testcase>
  <testcase name="loginSuccessNew" classname="tests.LoginTests" time="0.0">
    <skipped/>
  </testcase>
  <testcase name="loginSuccessNew" classname="tests.LoginTests" time="0.0">
    <skipped/>
  </testcase>
  <testcase name="loginUnregisterUser" classname="tests.LoginTests" time="0.0">
    <skipped/>
  </testcase>
  <testcase name="loginWrongEmail" classname="tests.LoginTests" time="0.0">
    <skipped/>
  </testcase>
  <testcase name="loginWrongPassword" classname="tests.LoginTests" time="0.0">
    <skipped/>
  </testcase>
  <system-out><![CDATA[20:55:38.267  INFO  tests.TestBase - The name of starts method is --->loginSuccess
20:55:38.269  INFO  manager.ListenerTNG - onTestStart --->loginSuccess
20:55:38.270  INFO  manager.ListenerTNG - onTestSkipped --->loginSuccess
20:55:38.271  INFO  manager.ListenerTNG - onTestStart --->loginSuccess
20:55:38.271  INFO  manager.ListenerTNG - onTestSkipped --->loginSuccess
20:55:38.272  INFO  manager.ListenerTNG - onTestStart --->loginSuccess
20:55:38.272  INFO  manager.ListenerTNG - onTestSkipped --->loginSuccess
20:55:38.273  INFO  manager.ListenerTNG - onTestStart --->loginSuccess2
20:55:38.274  INFO  manager.ListenerTNG - onTestSkipped --->loginSuccess2
20:55:38.274  INFO  manager.ListenerTNG - onTestStart --->loginSuccess2
20:55:38.274  INFO  manager.ListenerTNG - onTestSkipped --->loginSuccess2
20:55:38.275  INFO  manager.ListenerTNG - onTestStart --->loginSuccess2
20:55:38.275  INFO  manager.ListenerTNG - onTestSkipped --->loginSuccess2
20:55:38.276  INFO  manager.ListenerTNG - onTestStart --->loginSuccessModel
20:55:38.281  INFO  manager.ListenerTNG - onTestSkipped --->loginSuccessModel
20:55:38.282  INFO  manager.ListenerTNG - onTestStart --->loginSuccessModel
20:55:38.283  INFO  manager.ListenerTNG - onTestSkipped --->loginSuccessModel
20:55:38.283  INFO  manager.ListenerTNG - onTestStart --->loginSuccessModel
20:55:38.284  INFO  manager.ListenerTNG - onTestSkipped --->loginSuccessModel
20:55:38.285  INFO  manager.ListenerTNG - onTestStart --->loginSuccessModelFromFile
20:55:38.285  INFO  manager.ListenerTNG - onTestSkipped --->loginSuccessModelFromFile
20:55:38.286  INFO  manager.ListenerTNG - onTestStart --->loginSuccessModelFromFile
20:55:38.286  INFO  manager.ListenerTNG - onTestSkipped --->loginSuccessModelFromFile
20:55:38.286  INFO  manager.ListenerTNG - onTestStart --->loginSuccessModelFromFile
20:55:38.287  INFO  manager.ListenerTNG - onTestSkipped --->loginSuccessModelFromFile
20:55:38.287  INFO  manager.ListenerTNG - onTestStart --->loginSuccessNew
20:55:38.287  INFO  manager.ListenerTNG - onTestSkipped --->loginSuccessNew
20:55:38.288  INFO  manager.ListenerTNG - onTestStart --->loginSuccessNew
20:55:38.288  INFO  manager.ListenerTNG - onTestSkipped --->loginSuccessNew
20:55:38.288  INFO  manager.ListenerTNG - onTestStart --->loginUnregisterUser
20:55:38.288  INFO  manager.ListenerTNG - onTestSkipped --->loginUnregisterUser
20:55:38.289  INFO  manager.ListenerTNG - onTestStart --->loginWrongEmail
20:55:38.289  INFO  manager.ListenerTNG - onTestSkipped --->loginWrongEmail
20:55:38.290  INFO  manager.ListenerTNG - onTestStart --->loginWrongPassword
20:55:38.290  INFO  manager.ListenerTNG - onTestSkipped --->loginWrongPassword
]]></system-out>
  <system-err><![CDATA[]]></system-err>
</testsuite>
