<?xml version="1.0" encoding="UTF-8"?>
<testsuite name="tests.AddNewContactTests" tests="1" skipped="0" failures="0" errors="0" timestamp="2023-02-07T18:59:17" hostname="MacBook-Air-Diana.local" time="6.003">
  <properties/>
  <testcase name="addContactSuccessAllFields" classname="tests.AddNewContactTests" time="6.003"/>
  <system-out><![CDATA[20:59:12.146  INFO  tests.TestBase - The name of starts method is --->addContactSuccessAllFields
20:59:12.148  INFO  manager.ListenerWD - Before find elements --> By.xpath: //button[text()='Sign Out']
20:59:17.208  INFO  manager.ListenerWD - After find elements --> By.xpath: //button[text()='Sign Out']
20:59:17.212  INFO  manager.ListenerWD - List suze is --> 0
20:59:17.217  INFO  manager.ListenerWD - Before find element --> By.cssSelector: a[href='/login']
20:59:17.241  INFO  manager.ListenerWD - After find element --> By.cssSelector: a[href='/login']
20:59:17.260  INFO  manager.ListenerWD - Before find element --> By.cssSelector: a[href='/login']
20:59:17.276  INFO  manager.ListenerWD - After find element --> By.cssSelector: a[href='/login']
20:59:17.317  INFO  manager.ListenerWD - Before find element --> By.name: email
20:59:17.336  INFO  manager.ListenerWD - After find element --> By.name: email
20:59:17.452  INFO  manager.ListenerWD - Before find element --> By.name: password
20:59:17.467  INFO  manager.ListenerWD - After find element --> By.name: password
20:59:17.536  INFO  manager.ListenerWD - Before find element --> By.cssSelector: [name='login']
20:59:17.550  INFO  manager.ListenerWD - After find element --> By.cssSelector: [name='login']
Contact(name=Lisa1395, lastName=Simpson, email=lisa1395@mail.ru, address=NY, phone=11111111395, description=All fields)
20:59:17.588  INFO  tests.TestBase - Tests start with data : Contact(name=Lisa1395, lastName=Simpson, email=lisa1395@mail.ru, address=NY, phone=11111111395, description=All fields)
20:59:17.589  INFO  manager.ListenerWD - Before find element --> By.cssSelector: a[href='/add']
20:59:18.659  INFO  manager.ListenerWD - After find element --> By.cssSelector: a[href='/add']
20:59:18.687  INFO  manager.ListenerWD - Before find element --> By.cssSelector: input[placeholder='Name']
20:59:18.702  INFO  manager.ListenerWD - After find element --> By.cssSelector: input[placeholder='Name']
20:59:18.774  INFO  manager.ListenerWD - Before find element --> By.cssSelector: input[placeholder='Last Name']
20:59:18.788  INFO  manager.ListenerWD - After find element --> By.cssSelector: input[placeholder='Last Name']
20:59:18.850  INFO  manager.ListenerWD - Before find element --> By.cssSelector: input[placeholder='Phone']
20:59:18.866  INFO  manager.ListenerWD - After find element --> By.cssSelector: input[placeholder='Phone']
20:59:18.932  INFO  manager.ListenerWD - Before find element --> By.cssSelector: input[placeholder='email']
20:59:18.946  INFO  manager.ListenerWD - After find element --> By.cssSelector: input[placeholder='email']
20:59:19.019  INFO  manager.ListenerWD - Before find element --> By.cssSelector: input[placeholder='Address']
20:59:19.033  INFO  manager.ListenerWD - After find element --> By.cssSelector: input[placeholder='Address']
20:59:19.099  INFO  manager.ListenerWD - Before find element --> By.cssSelector: input[placeholder='description']
20:59:19.112  INFO  manager.ListenerWD - After find element --> By.cssSelector: input[placeholder='description']
20:59:19.178  INFO  manager.ListenerWD - Before find element --> By.xpath: //b[text()='Save']
20:59:19.190  INFO  manager.ListenerWD - After find element --> By.xpath: //b[text()='Save']
20:59:19.211  INFO  manager.ListenerWD - Before find elements --> By.cssSelector: h2
20:59:20.024  INFO  manager.ListenerWD - After find elements --> By.cssSelector: h2
20:59:20.025  INFO  manager.ListenerWD - List suze is --> 51
20:59:20.490  INFO  manager.ListenerWD - Before find elements --> By.cssSelector: h3
20:59:20.637  INFO  manager.ListenerWD - After find elements --> By.cssSelector: h3
20:59:20.637  INFO  manager.ListenerWD - List suze is --> 51
20:59:21.112  INFO  manager.ListenerWD - Before find elements --> By.cssSelector: .contact-item_card__2SOIM
20:59:21.242  INFO  manager.ListenerWD - After find elements --> By.cssSelector: .contact-item_card__2SOIM
20:59:21.242  INFO  manager.ListenerWD - List suze is --> 51
20:59:21.328  INFO  manager.ListenerWD - Before find element --> By.cssSelector: .contact-item-detailed_card__50dTS
20:59:21.342  INFO  manager.ListenerWD - After find element --> By.cssSelector: .contact-item-detailed_card__50dTS
20:59:21.377  INFO  manager.ListenerWD - Before find element --> By.cssSelector: .contact-item-detailed_card__50dTS
20:59:21.387  INFO  manager.ListenerWD - After find element --> By.cssSelector: .contact-item-detailed_card__50dTS
20:59:21.418  INFO  manager.ListenerWD - Before find element --> By.cssSelector: .contact-item-detailed_card__50dTS
20:59:21.428  INFO  manager.ListenerWD - After find element --> By.cssSelector: .contact-item-detailed_card__50dTS
20:59:21.461  INFO  manager.ListenerWD - Before find element --> By.cssSelector: .contact-item-detailed_card__50dTS
20:59:21.471  INFO  manager.ListenerWD - After find element --> By.cssSelector: .contact-item-detailed_card__50dTS
20:59:21.499  INFO  manager.ListenerWD - Before find element --> By.cssSelector: .contact-item-detailed_card__50dTS
20:59:21.509  INFO  manager.ListenerWD - After find element --> By.cssSelector: .contact-item-detailed_card__50dTS
20:59:21.538  INFO  manager.ListenerWD - Before find element --> By.cssSelector: .contact-item-detailed_card__50dTS
20:59:21.548  INFO  manager.ListenerWD - After find element --> By.cssSelector: .contact-item-detailed_card__50dTS
20:59:21.587  INFO  manager.ListenerWD - Before find element --> By.cssSelector: .contact-item-detailed_card__50dTS
20:59:21.599  INFO  manager.ListenerWD - After find element --> By.cssSelector: .contact-item-detailed_card__50dTS
20:59:21.632  INFO  manager.ListenerWD - Before find element --> By.cssSelector: .contact-item-detailed_card__50dTS
20:59:21.641  INFO  manager.ListenerWD - After find element --> By.cssSelector: .contact-item-detailed_card__50dTS
20:59:21.678  INFO  manager.ListenerWD - Before find element --> By.cssSelector: .contact-item-detailed_card__50dTS
20:59:21.689  INFO  manager.ListenerWD - After find element --> By.cssSelector: .contact-item-detailed_card__50dTS
20:59:21.728  INFO  manager.ListenerWD - Before find element --> By.cssSelector: .contact-item-detailed_card__50dTS
20:59:21.740  INFO  manager.ListenerWD - After find element --> By.cssSelector: .contact-item-detailed_card__50dTS
20:59:21.776  INFO  manager.ListenerWD - Before find element --> By.cssSelector: .contact-item-detailed_card__50dTS
20:59:21.786  INFO  manager.ListenerWD - After find element --> By.cssSelector: .contact-item-detailed_card__50dTS
20:59:21.822  INFO  manager.ListenerWD - Before find element --> By.cssSelector: .contact-item-detailed_card__50dTS
20:59:21.834  INFO  manager.ListenerWD - After find element --> By.cssSelector: .contact-item-detailed_card__50dTS
20:59:21.870  INFO  manager.ListenerWD - Before find element --> By.cssSelector: .contact-item-detailed_card__50dTS
20:59:21.881  INFO  manager.ListenerWD - After find element --> By.cssSelector: .contact-item-detailed_card__50dTS
20:59:21.917  INFO  manager.ListenerWD - Before find element --> By.cssSelector: .contact-item-detailed_card__50dTS
20:59:21.931  INFO  manager.ListenerWD - After find element --> By.cssSelector: .contact-item-detailed_card__50dTS
20:59:21.971  INFO  manager.ListenerWD - Before find element --> By.cssSelector: .contact-item-detailed_card__50dTS
20:59:21.985  INFO  manager.ListenerWD - After find element --> By.cssSelector: .contact-item-detailed_card__50dTS
20:59:22.031  INFO  manager.ListenerWD - Before find element --> By.cssSelector: .contact-item-detailed_card__50dTS
20:59:22.043  INFO  manager.ListenerWD - After find element --> By.cssSelector: .contact-item-detailed_card__50dTS
20:59:22.085  INFO  manager.ListenerWD - Before find element --> By.cssSelector: .contact-item-detailed_card__50dTS
20:59:22.098  INFO  manager.ListenerWD - After find element --> By.cssSelector: .contact-item-detailed_card__50dTS
20:59:22.134  INFO  manager.ListenerWD - Before find element --> By.cssSelector: .contact-item-detailed_card__50dTS
20:59:22.145  INFO  manager.ListenerWD - After find element --> By.cssSelector: .contact-item-detailed_card__50dTS
20:59:22.182  INFO  manager.ListenerWD - Before find element --> By.cssSelector: .contact-item-detailed_card__50dTS
20:59:22.193  INFO  manager.ListenerWD - After find element --> By.cssSelector: .contact-item-detailed_card__50dTS
20:59:22.231  INFO  manager.ListenerWD - Before find element --> By.cssSelector: .contact-item-detailed_card__50dTS
20:59:22.247  INFO  manager.ListenerWD - After find element --> By.cssSelector: .contact-item-detailed_card__50dTS
20:59:22.289  INFO  manager.ListenerWD - Before find element --> By.cssSelector: .contact-item-detailed_card__50dTS
20:59:22.302  INFO  manager.ListenerWD - After find element --> By.cssSelector: .contact-item-detailed_card__50dTS
20:59:22.341  INFO  manager.ListenerWD - Before find element --> By.cssSelector: .contact-item-detailed_card__50dTS
20:59:22.354  INFO  manager.ListenerWD - After find element --> By.cssSelector: .contact-item-detailed_card__50dTS
20:59:22.388  INFO  manager.ListenerWD - Before find element --> By.cssSelector: .contact-item-detailed_card__50dTS
20:59:22.397  INFO  manager.ListenerWD - After find element --> By.cssSelector: .contact-item-detailed_card__50dTS
20:59:22.430  INFO  manager.ListenerWD - Before find element --> By.cssSelector: .contact-item-detailed_card__50dTS
20:59:22.439  INFO  manager.ListenerWD - After find element --> By.cssSelector: .contact-item-detailed_card__50dTS
20:59:22.479  INFO  manager.ListenerWD - Before find element --> By.cssSelector: .contact-item-detailed_card__50dTS
20:59:22.489  INFO  manager.ListenerWD - After find element --> By.cssSelector: .contact-item-detailed_card__50dTS
20:59:22.521  INFO  manager.ListenerWD - Before find element --> By.cssSelector: .contact-item-detailed_card__50dTS
20:59:22.531  INFO  manager.ListenerWD - After find element --> By.cssSelector: .contact-item-detailed_card__50dTS
20:59:22.563  INFO  manager.ListenerWD - Before find element --> By.cssSelector: .contact-item-detailed_card__50dTS
20:59:22.574  INFO  manager.ListenerWD - After find element --> By.cssSelector: .contact-item-detailed_card__50dTS
20:59:22.614  INFO  manager.ListenerWD - Before find element --> By.cssSelector: .contact-item-detailed_card__50dTS
20:59:22.624  INFO  manager.ListenerWD - After find element --> By.cssSelector: .contact-item-detailed_card__50dTS
20:59:22.657  INFO  manager.ListenerWD - Before find element --> By.cssSelector: .contact-item-detailed_card__50dTS
20:59:22.667  INFO  manager.ListenerWD - After find element --> By.cssSelector: .contact-item-detailed_card__50dTS
20:59:22.700  INFO  manager.ListenerWD - Before find element --> By.cssSelector: .contact-item-detailed_card__50dTS
20:59:22.708  INFO  manager.ListenerWD - After find element --> By.cssSelector: .contact-item-detailed_card__50dTS
20:59:22.741  INFO  manager.ListenerWD - Before find element --> By.cssSelector: .contact-item-detailed_card__50dTS
20:59:22.751  INFO  manager.ListenerWD - After find element --> By.cssSelector: .contact-item-detailed_card__50dTS
20:59:22.784  INFO  manager.ListenerWD - Before find element --> By.cssSelector: .contact-item-detailed_card__50dTS
20:59:22.794  INFO  manager.ListenerWD - After find element --> By.cssSelector: .contact-item-detailed_card__50dTS
20:59:22.829  INFO  manager.ListenerWD - Before find element --> By.cssSelector: .contact-item-detailed_card__50dTS
20:59:22.839  INFO  manager.ListenerWD - After find element --> By.cssSelector: .contact-item-detailed_card__50dTS
20:59:22.874  INFO  manager.ListenerWD - Before find element --> By.cssSelector: .contact-item-detailed_card__50dTS
20:59:22.884  INFO  manager.ListenerWD - After find element --> By.cssSelector: .contact-item-detailed_card__50dTS
20:59:22.915  INFO  manager.ListenerWD - Before find element --> By.cssSelector: .contact-item-detailed_card__50dTS
20:59:22.923  INFO  manager.ListenerWD - After find element --> By.cssSelector: .contact-item-detailed_card__50dTS
20:59:22.955  INFO  manager.ListenerWD - Before find element --> By.cssSelector: .contact-item-detailed_card__50dTS
20:59:22.964  INFO  manager.ListenerWD - After find element --> By.cssSelector: .contact-item-detailed_card__50dTS
20:59:22.996  INFO  manager.ListenerWD - Before find element --> By.cssSelector: .contact-item-detailed_card__50dTS
20:59:23.004  INFO  manager.ListenerWD - After find element --> By.cssSelector: .contact-item-detailed_card__50dTS
20:59:23.033  INFO  manager.ListenerWD - Before find element --> By.cssSelector: .contact-item-detailed_card__50dTS
20:59:23.041  INFO  manager.ListenerWD - After find element --> By.cssSelector: .contact-item-detailed_card__50dTS
20:59:23.071  INFO  manager.ListenerWD - Before find element --> By.cssSelector: .contact-item-detailed_card__50dTS
20:59:23.082  INFO  manager.ListenerWD - After find element --> By.cssSelector: .contact-item-detailed_card__50dTS
20:59:23.113  INFO  manager.ListenerWD - Before find element --> By.cssSelector: .contact-item-detailed_card__50dTS
20:59:23.123  INFO  manager.ListenerWD - After find element --> By.cssSelector: .contact-item-detailed_card__50dTS
20:59:23.153  INFO  manager.ListenerWD - Before find element --> By.cssSelector: .contact-item-detailed_card__50dTS
20:59:23.161  INFO  manager.ListenerWD - After find element --> By.cssSelector: .contact-item-detailed_card__50dTS
20:59:23.191  INFO  manager.ListenerWD - Before find element --> By.cssSelector: .contact-item-detailed_card__50dTS
20:59:23.199  INFO  manager.ListenerWD - After find element --> By.cssSelector: .contact-item-detailed_card__50dTS
20:59:23.228  INFO  manager.ListenerWD - Before find element --> By.cssSelector: .contact-item-detailed_card__50dTS
20:59:23.237  INFO  manager.ListenerWD - After find element --> By.cssSelector: .contact-item-detailed_card__50dTS
20:59:23.266  INFO  manager.ListenerWD - Before find element --> By.cssSelector: .contact-item-detailed_card__50dTS
20:59:23.274  INFO  manager.ListenerWD - After find element --> By.cssSelector: .contact-item-detailed_card__50dTS
20:59:23.303  INFO  manager.ListenerWD - Before find element --> By.cssSelector: .contact-item-detailed_card__50dTS
20:59:23.312  INFO  manager.ListenerWD - After find element --> By.cssSelector: .contact-item-detailed_card__50dTS
20:59:23.342  INFO  manager.ListenerWD - Before find element --> By.cssSelector: .contact-item-detailed_card__50dTS
20:59:23.351  INFO  manager.ListenerWD - After find element --> By.cssSelector: .contact-item-detailed_card__50dTS
20:59:23.384  INFO  manager.ListenerWD - Before find element --> By.cssSelector: .contact-item-detailed_card__50dTS
20:59:23.401  INFO  manager.ListenerWD - After find element --> By.cssSelector: .contact-item-detailed_card__50dTS
20:59:23.434  INFO  manager.ListenerWD - Before find element --> By.cssSelector: .contact-item-detailed_card__50dTS
20:59:23.444  INFO  manager.ListenerWD - After find element --> By.cssSelector: .contact-item-detailed_card__50dTS
20:59:23.477  INFO  manager.ListenerWD - Before find element --> By.cssSelector: .contact-item-detailed_card__50dTS
20:59:23.485  INFO  manager.ListenerWD - After find element --> By.cssSelector: .contact-item-detailed_card__50dTS
20:59:23.518  INFO  manager.ListenerWD - Before find element --> By.cssSelector: .contact-item-detailed_card__50dTS
20:59:23.526  INFO  manager.ListenerWD - After find element --> By.cssSelector: .contact-item-detailed_card__50dTS
20:59:23.561  INFO  manager.ListenerWD - Before find element --> By.cssSelector: .contact-item-detailed_card__50dTS
20:59:23.570  INFO  manager.ListenerWD - After find element --> By.cssSelector: .contact-item-detailed_card__50dTS
]]></system-out>
  <system-err><![CDATA[]]></system-err>
</testsuite>
